<?xml version="1.0" encoding="UTF-8"?>
<!-- Generated by org.testng.reporters.JUnitXMLReporter -->
<testsuite hostname="Guanmings-MacBook-Pro.local" name="Smoke Testcases" tests="13" failures="1" timestamp="25 Oct 2016 04:25:06 GMT" time="0.148" errors="0">
  <testcase name="software" time="0.005" classname="testngFiles.Annot2"/>
  <testcase name="software" time="0.008" classname="packTwo.Annot2"/>
  <testcase name="FlightBooking" time="0.0" classname="testngFiles.Annotations">
    <failure type="org.testng.TestNGException" message="
Parameter &amp;apos;adminUserid&amp;apos; is required by @Test on method FlightBooking but has not been marked @Optional or defined
in /Users/Bob/Desktop/maven2/DebitCards/testng.xml">
      <![CDATA[org.testng.TestNGException: 
Parameter 'adminUserid' is required by @Test on method FlightBooking but has not been marked @Optional or defined
in /Users/Bob/Desktop/maven2/DebitCards/testng.xml
... Removed 23 stack frames]]>
    </failure>
  </testcase> <!-- FlightBooking -->
  <testcase name="OpeningBrowser" time="0.002" classname="testngFiles.Annotations"/>
  <testcase name="FlightBooking" time="0.003" classname="packTwo.Annotations"/>
  <testcase name="FlightCancel" time="0.002" classname="packTwo.Annotations"/>
  <testcase name="OpeningBrowser" time="0.002" classname="packTwo.Annotations"/>
  <testcase name="OpeningBrowser" time="0.003" classname="testngFiles.DependenyAnnot"/>
  <testcase name="Timerelated" time="0.009" classname="testngFiles.DependenyAnnot"/>
  <testcase name="FlightBooking" time="0.003" classname="testngFiles.DependenyAnnot"/>
  <testcase name="OpeningBrowser" time="0.002" classname="packTwo.DependenyAnnot"/>
  <testcase name="Timerelated" time="0.002" classname="packTwo.DependenyAnnot"/>
  <testcase name="FlightBooking" time="0.002" classname="packTwo.DependenyAnnot"/>
</testsuite> <!-- Smoke Testcases -->
